<?xml version="1.0" encoding="UTF-8"?>
<!-- Generated by org.testng.reporters.JUnitReportReporter -->
<testsuite hostname="Mohds-MacBook-Air.local" failures="0" tests="2" name="apiTest.TestExample" time="2.256" errors="0" timestamp="2023-11-15T00:32:39 IST" skipped="0">
  <testcase classname="apiTest.TestExample" name="test2" time="0.191"/>
  <testcase classname="apiTest.TestExample" name="getRequest" time="2.065"/>
</testsuite> <!-- apiTest.TestExample -->
