<?xml version="1.0" encoding="UTF-8"?>
<!-- Generated by org.testng.reporters.JUnitReportReporter -->
<testsuite hostname="Mohds-MacBook-Air.local" failures="0" tests="1" name="tests.ProductAPITest" time="0.394" errors="0" timestamp="19 Oct 2023 15:09:23 GMT" skipped="0">
  <testcase classname="tests.ProductAPITest" name="testGetProductDetails" time="0.394"/>
</testsuite> <!-- tests.ProductAPITest -->
