<?xml version="1.0" encoding="UTF-8"?>
<!-- Generated by org.testng.reporters.JUnitReportReporter -->
<testsuite hostname="Mohds-MacBook-Air.local" failures="0" tests="1" name="testNG.TestNG_Demo2" time="5.297" errors="0" timestamp="18 Sept 2023 10:02:43 GMT" skipped="0">
  <testcase classname="testNG.TestNG_Demo2" name="testNG" time="5.297"/>
</testsuite> <!-- testNG.TestNG_Demo2 -->
