<?xml version="1.0" encoding="UTF-8"?>
<!-- Generated by org.testng.reporters.JUnitReportReporter -->
<testsuite hostname="Mohds-MacBook-Air.local" failures="0" tests="1" name="testing.TestNG_Demo2" time="2.987" errors="0" timestamp="16 Sept 2023 09:35:37 GMT" skipped="0">
  <testcase classname="testing.TestNG_Demo2" name="testNG" time="2.987"/>
</testsuite> <!-- testing.TestNG_Demo2 -->
