<?xml version="1.0" encoding="UTF-8"?>
<!-- Generated by org.testng.reporters.JUnitReportReporter -->
<testsuite hostname="Mohds-MacBook-Air.local" failures="0" tests="1" name="testNG.TestNG_Demo" time="5.119" errors="0" timestamp="18 Sept 2023 10:15:21 GMT" skipped="0">
  <testcase classname="testNG.TestNG_Demo" name="testNG" time="5.119"/>
</testsuite> <!-- testNG.TestNG_Demo -->
